TN:test
SF:/Users/casimira/C6_s21_matrix-2/src/s21_matrix_another.c
FN:3,s21_eq_matrix
FNDA:23,s21_eq_matrix
FN:25,s21_transpose
FNDA:6,s21_transpose
FN:41,s21_calc_complements
FNDA:9,s21_calc_complements
FN:73,s21_inverse_matrix
FNDA:7,s21_inverse_matrix
FNF:4
FNH:4
DA:3,23
DA:4,23
DA:5,23
DA:6,23
DA:7,4
DA:9,209
DA:10,9370
DA:11,9180
DA:16,0
DA:18,23
DA:25,6
DA:26,6
DA:27,6
DA:28,6
DA:29,6
DA:30,23
DA:31,63
DA:32,46
DA:36,0
DA:38,6
DA:41,9
DA:42,9
DA:43,9
DA:44,9
DA:45,8
DA:46,8
DA:47,8
DA:48,0
DA:50,32
DA:51,96
DA:52,72
DA:54,72
DA:55,72
DA:56,72
DA:57,72
DA:59,72
DA:65,1
DA:68,0
DA:70,9
DA:73,7
DA:74,7
DA:75,7
DA:76,7
DA:77,7
DA:78,7
DA:79,7
DA:80,4
DA:81,4
DA:83,4
DA:84,4
DA:86,4
DA:87,4
DA:88,4
DA:91,4
DA:94,3
DA:97,0
DA:100,0
DA:102,7
LF:58
LH:52
end_of_record
TN:test
SF:/Users/casimira/C6_s21_matrix-2/src/s21_matrix_arithmetic.c
FN:3,s21_sum_matrix
FNDA:6,s21_sum_matrix
FN:23,s21_sub_matrix
FNDA:4,s21_sub_matrix
FN:43,s21_mult_number
FNDA:9,s21_mult_number
FN:61,s21_mult_matrix
FNDA:6,s21_mult_matrix
FN:83,s21_determinant
FNDA:86,s21_determinant
FN:102,s21_determinant_for_rows_more_one
FNDA:120,s21_determinant_for_rows_more_one
FNF:6
FNH:6
DA:3,6
DA:4,6
DA:5,6
DA:6,6
DA:7,4
DA:8,4
DA:9,18
DA:10,64
DA:11,50
DA:15,2
DA:18,0
DA:20,6
DA:23,4
DA:24,4
DA:25,4
DA:26,4
DA:27,4
DA:28,4
DA:29,18
DA:30,64
DA:31,50
DA:35,0
DA:38,0
DA:40,4
DA:43,9
DA:44,9
DA:45,9
DA:46,9
DA:47,9
DA:48,35
DA:49,104
DA:50,78
DA:51,78
DA:56,0
DA:58,9
DA:61,6
DA:62,6
DA:63,6
DA:64,6
DA:65,5
DA:66,5
DA:67,20
DA:68,62
DA:69,195
DA:70,148
DA:75,1
DA:78,0
DA:80,6
DA:83,86
DA:84,86
DA:85,86
DA:86,86
DA:87,86
DA:88,84
DA:89,84
DA:91,0
DA:94,2
DA:97,0
DA:99,86
DA:102,120
DA:103,120
DA:104,120
DA:105,108
DA:107,48
DA:109,36
DA:110,72
DA:111,36
DA:112,36
DA:116,120
LF:69
LH:62
end_of_record
TN:test
SF:/Users/casimira/C6_s21_matrix-2/src/s21_matrix_create.c
FN:3,s21_create_matrix
FNDA:255,s21_create_matrix
FN:26,s21_remove_matrix
FNDA:246,s21_remove_matrix
FN:43,its_ok_matrix
FNDA:303,its_ok_matrix
FN:51,s21_create_minor
FNDA:108,s21_create_minor
FNF:4
FNH:4
DA:3,255
DA:4,255
DA:5,255
DA:6,1
DA:8,254
DA:9,254
DA:10,254
DA:11,254
DA:12,0
DA:14,1240
DA:15,986
DA:16,986
DA:17,0
DA:18,0
DA:23,255
DA:26,246
DA:27,246
DA:28,1208
DA:29,962
DA:31,246
DA:32,246
DA:34,246
DA:35,246
DA:37,246
DA:38,246
DA:41,246
DA:43,303
DA:44,303
DA:45,303
DA:46,303
DA:48,303
DA:51,108
DA:52,108
DA:53,108
DA:54,108
DA:55,108
DA:56,108
DA:57,432
DA:58,324
DA:59,324
DA:60,1296
DA:61,972
DA:62,972
DA:63,972
DA:64,432
DA:69,0
DA:72,0
DA:74,108
LF:48
LH:43
end_of_record
TN:test
SF:/Users/casimira/C6_s21_matrix-2/src/test1/test.c
FN:13,s21_fill
FNDA:23,s21_fill
FN:21,s21_gen_matrix
FNDA:34,s21_gen_matrix
FN:30,s21_anti_gen_matrix
FNDA:2,s21_anti_gen_matrix
FN:39,create_matrix_fn
FNDA:1,create_matrix_fn
FN:48,mult_num_fn
FNDA:1,mult_num_fn
FN:73,transpose_matrix_fn
FNDA:1,transpose_matrix_fn
FN:97,mult_hardcode_fn
FNDA:1,mult_hardcode_fn
FN:135,complements_hardcoded_fn
FNDA:1,complements_hardcoded_fn
FN:169,determinant_hardcoded_fn
FNDA:1,determinant_hardcoded_fn
FN:190,inverse_hardcoded_fn
FNDA:1,inverse_hardcoded_fn
FN:223,test_s21_eq_matrix_fn
FNDA:1,test_s21_eq_matrix_fn
FN:240,test_s21_eq_matrix_2_fn
FNDA:1,test_s21_eq_matrix_2_fn
FN:255,test_s21_eq_matrix_3_fn
FNDA:2,test_s21_eq_matrix_3_fn
FN:268,test_s21_eq_matrix_4_fn
FNDA:1,test_s21_eq_matrix_4_fn
FN:281,test_s21_eq_matrix_5_fn
FNDA:1,test_s21_eq_matrix_5_fn
FN:296,test_s21_sum_matrix_fn
FNDA:1,test_s21_sum_matrix_fn
FN:320,test_s21_sum_matrix_2_fn
FNDA:1,test_s21_sum_matrix_2_fn
FN:335,test_s21_sub_matrix_fn
FNDA:1,test_s21_sub_matrix_fn
FN:359,test_s21_sub_matrix_2_fn
FNDA:1,test_s21_sub_matrix_2_fn
FN:374,test_s21_mult_number_fn
FNDA:1,test_s21_mult_number_fn
FN:399,test_s21_mult_number_2_fn
FNDA:1,test_s21_mult_number_2_fn
FN:424,test_s21_mult_matrix_2_fn
FNDA:1,test_s21_mult_matrix_2_fn
FN:452,test_s21_mult_matrix_4_fn
FNDA:1,test_s21_mult_matrix_4_fn
FN:475,test_s21_mult_matrix_3_fn
FNDA:1,test_s21_mult_matrix_3_fn
FN:490,test_s21_transpose_fn
FNDA:1,test_s21_transpose_fn
FN:511,test_s21_determinant_fn
FNDA:1,test_s21_determinant_fn
FN:523,test_s21_determinant_2_fn
FNDA:1,test_s21_determinant_2_fn
FN:536,test_s21_determinant_3_fn
FNDA:1,test_s21_determinant_3_fn
FN:559,test_s21_determinant_5_fn
FNDA:1,test_s21_determinant_5_fn
FN:587,test_s21_calc_complements_2_fn
FNDA:1,test_s21_calc_complements_2_fn
FN:598,test_s21_calc_complements_3_fn
FNDA:1,test_s21_calc_complements_3_fn
FN:632,test_s21_inverse_matrix_fn
FNDA:1,test_s21_inverse_matrix_fn
FN:669,test_s21_inverse_matrix_2_fn
FNDA:1,test_s21_inverse_matrix_2_fn
FN:679,test_s21_inverse_matrix_3_fn
FNDA:1,test_s21_inverse_matrix_3_fn
FN:689,test_s21_inverse_matrix_4_fn
FNDA:1,test_s21_inverse_matrix_4_fn
FN:706,s21_eq_matrix_test_1_fn
FNDA:1,s21_eq_matrix_test_1_fn
FN:721,s21_eq_matrix_test_2_fn
FNDA:1,s21_eq_matrix_test_2_fn
FN:736,s21_eq_matrix_test_3_fn
FNDA:1,s21_eq_matrix_test_3_fn
FN:751,s21_eq_matrix_test_4_fn
FNDA:1,s21_eq_matrix_test_4_fn
FN:766,s21_sum_matrix_test_1_fn
FNDA:1,s21_sum_matrix_test_1_fn
FN:790,s21_sum_matrix_test_2_fn
FNDA:1,s21_sum_matrix_test_2_fn
FN:806,s21_sum_matrix_test_3_fn
FNDA:1,s21_sum_matrix_test_3_fn
FN:837,s21_sub_matrix_test_1_fn
FNDA:1,s21_sub_matrix_test_1_fn
FN:862,s21_sub_matrix_test_2_fn
FNDA:1,s21_sub_matrix_test_2_fn
FN:878,s21_sub_matrix_test_3_fn
FNDA:1,s21_sub_matrix_test_3_fn
FN:909,s21_mult_number_test_1_fn
FNDA:1,s21_mult_number_test_1_fn
FN:930,s21_mult_number_test_2_fn
FNDA:1,s21_mult_number_test_2_fn
FN:942,s21_mult_matrix_test_1_fn
FNDA:1,s21_mult_matrix_test_1_fn
FN:967,s21_mult_matrix_test_2_fn
FNDA:1,s21_mult_matrix_test_2_fn
FN:986,s21_calc_complements_test_1_fn
FNDA:1,s21_calc_complements_test_1_fn
FN:1028,s21_calc_complements_test_2_fn
FNDA:1,s21_calc_complements_test_2_fn
FN:1038,s21_determinant_test_1_fn
FNDA:1,s21_determinant_test_1_fn
FN:1058,s21_determinant_test_2_fn
FNDA:1,s21_determinant_test_2_fn
FN:1069,s21_inverse_matrix_test_1_fn
FNDA:1,s21_inverse_matrix_test_1_fn
FN:1109,s21_inverse_matrix_test_2_fn
FNDA:1,s21_inverse_matrix_test_2_fn
FN:1132,main
FNDA:54,main
FNF:56
FNH:56
DA:13,23
DA:14,433
DA:15,20504
DA:16,20094
DA:19,23
DA:21,34
DA:22,34
DA:23,132
DA:24,434
DA:25,336
DA:28,34
DA:30,2
DA:31,2
DA:32,8
DA:33,24
DA:34,18
DA:37,2
DA:39,1
DA:40,1
DA:41,1
DA:42,1
DA:43,1
DA:44,1
DA:45,1
DA:48,1
DA:49,1
DA:50,1
DA:51,1
DA:52,1
DA:53,1
DA:54,1
DA:55,1
DA:56,1
DA:57,1
DA:58,1
DA:59,1
DA:60,1
DA:61,1
DA:62,1
DA:63,1
DA:64,1
DA:65,1
DA:66,1
DA:67,1
DA:68,1
DA:69,1
DA:70,1
DA:73,1
DA:74,1
DA:75,1
DA:76,1
DA:77,1
DA:78,1
DA:79,1
DA:80,1
DA:81,1
DA:82,1
DA:83,1
DA:84,1
DA:85,1
DA:86,1
DA:87,1
DA:88,1
DA:89,1
DA:90,1
DA:91,1
DA:92,1
DA:93,1
DA:94,1
DA:97,1
DA:98,1
DA:99,1
DA:100,1
DA:101,1
DA:102,1
DA:103,1
DA:105,1
DA:106,4
DA:107,12
DA:108,1
DA:109,4
DA:110,12
DA:111,1
DA:112,1
DA:114,4
DA:115,12
DA:116,9
DA:117,36
DA:118,27
DA:122,1
DA:124,1
DA:126,1
DA:128,1
DA:129,1
DA:130,1
DA:131,1
DA:132,1
DA:135,1
DA:136,1
DA:137,1
DA:138,1
DA:139,1
DA:140,1
DA:141,1
DA:142,1
DA:143,1
DA:144,1
DA:145,1
DA:146,1
DA:148,1
DA:149,1
DA:150,1
DA:151,1
DA:152,1
DA:153,1
DA:154,1
DA:155,1
DA:156,1
DA:157,1
DA:159,1
DA:160,1
DA:162,1
DA:163,1
DA:164,1
DA:165,1
DA:166,1
DA:169,1
DA:170,1
DA:171,1
DA:172,1
DA:174,1
DA:175,1
DA:176,4
DA:177,12
DA:178,9
DA:181,1
DA:182,1
DA:183,1
DA:184,1
DA:185,1
DA:186,1
DA:187,1
DA:190,1
DA:191,1
DA:192,1
DA:193,1
DA:194,1
DA:195,1
DA:196,1
DA:197,1
DA:198,1
DA:199,1
DA:200,1
DA:201,1
DA:202,1
DA:203,1
DA:204,1
DA:205,1
DA:206,1
DA:207,1
DA:208,1
DA:209,1
DA:210,1
DA:211,1
DA:212,1
DA:213,1
DA:214,1
DA:215,1
DA:216,1
DA:217,1
DA:218,1
DA:219,1
DA:220,1
DA:223,1
DA:227,1
DA:228,1
DA:229,1
DA:230,1
DA:231,1
DA:232,1
DA:233,1
DA:234,1
DA:235,1
DA:236,1
DA:237,1
DA:240,1
DA:243,1
DA:244,1
DA:245,1
DA:246,1
DA:247,1
DA:248,1
DA:249,1
DA:250,1
DA:251,1
DA:252,1
DA:255,2
DA:258,2
DA:259,2
DA:260,2
DA:261,2
DA:262,2
DA:263,2
DA:264,2
DA:265,2
DA:268,1
DA:271,1
DA:272,1
DA:273,1
DA:274,1
DA:275,1
DA:276,1
DA:277,1
DA:278,1
DA:281,1
DA:284,1
DA:285,1
DA:286,1
DA:287,1
DA:288,1
DA:289,1
DA:290,1
DA:291,1
DA:292,1
DA:293,1
DA:296,1
DA:301,1
DA:302,1
DA:303,1
DA:304,1
DA:305,1
DA:306,4
DA:307,12
DA:308,9
DA:311,1
DA:312,1
DA:313,1
DA:314,1
DA:315,1
DA:316,1
DA:317,1
DA:320,1
DA:324,1
DA:325,1
DA:326,1
DA:327,1
DA:328,1
DA:329,1
DA:330,1
DA:331,1
DA:332,1
DA:335,1
DA:340,1
DA:341,1
DA:342,1
DA:343,1
DA:344,1
DA:345,4
DA:346,12
DA:347,9
DA:350,1
DA:351,1
DA:352,1
DA:353,1
DA:354,1
DA:355,1
DA:356,1
DA:359,1
DA:363,1
DA:364,1
DA:365,1
DA:366,1
DA:367,1
DA:368,1
DA:369,1
DA:370,1
DA:371,1
DA:374,1
DA:379,1
DA:380,1
DA:381,1
DA:382,1
DA:383,1
DA:384,1
DA:385,4
DA:386,12
DA:387,9
DA:390,1
DA:391,1
DA:392,1
DA:393,1
DA:394,1
DA:395,1
DA:396,1
DA:399,1
DA:404,1
DA:405,1
DA:406,1
DA:407,1
DA:408,1
DA:409,1
DA:410,4
DA:411,12
DA:412,9
DA:415,1
DA:416,1
DA:417,1
DA:418,1
DA:419,1
DA:420,1
DA:421,1
DA:424,1
DA:429,1
DA:430,1
DA:431,1
DA:432,1
DA:433,1
DA:434,1
DA:435,1
DA:436,1
DA:437,1
DA:438,1
DA:439,1
DA:440,1
DA:441,1
DA:442,1
DA:443,1
DA:444,1
DA:445,1
DA:446,1
DA:447,1
DA:448,1
DA:449,1
DA:452,1
DA:457,1
DA:458,1
DA:459,1
DA:460,1
DA:461,1
DA:462,1
DA:463,1
DA:464,1
DA:465,1
DA:466,1
DA:467,1
DA:468,1
DA:469,1
DA:470,1
DA:471,1
DA:472,1
DA:475,1
DA:479,1
DA:480,1
DA:481,1
DA:482,1
DA:483,1
DA:484,1
DA:485,1
DA:486,1
DA:487,1
DA:490,1
DA:494,1
DA:495,1
DA:496,1
DA:497,1
DA:498,1
DA:499,1
DA:500,1
DA:501,1
DA:502,1
DA:503,1
DA:504,1
DA:505,1
DA:506,1
DA:507,1
DA:508,1
DA:511,1
DA:515,1
DA:516,1
DA:517,1
DA:518,1
DA:519,1
DA:520,1
DA:523,1
DA:527,1
DA:528,1
DA:529,1
DA:530,1
DA:531,1
DA:532,1
DA:533,1
DA:536,1
DA:540,1
DA:541,1
DA:542,1
DA:543,1
DA:545,1
DA:546,1
DA:547,1
DA:549,1
DA:550,1
DA:551,1
DA:552,1
DA:553,1
DA:554,1
DA:555,1
DA:556,1
DA:559,1
DA:563,1
DA:564,1
DA:565,1
DA:566,1
DA:568,1
DA:569,1
DA:570,1
DA:571,1
DA:572,1
DA:587,1
DA:589,1
DA:590,1
DA:591,1
DA:592,1
DA:593,1
DA:594,1
DA:595,1
DA:598,1
DA:600,1
DA:601,1
DA:602,1
DA:603,1
DA:604,1
DA:605,1
DA:606,1
DA:607,1
DA:608,1
DA:609,1
DA:610,1
DA:611,1
DA:612,1
DA:613,1
DA:614,1
DA:615,1
DA:616,1
DA:617,1
DA:618,1
DA:619,1
DA:620,1
DA:621,4
DA:622,12
DA:623,9
DA:626,1
DA:627,1
DA:628,1
DA:629,1
DA:632,1
DA:634,1
DA:635,1
DA:636,1
DA:637,1
DA:638,1
DA:639,1
DA:640,1
DA:641,1
DA:642,1
DA:643,1
DA:644,1
DA:645,1
DA:646,1
DA:647,1
DA:648,1
DA:649,1
DA:650,1
DA:651,1
DA:652,1
DA:653,1
DA:655,1
DA:657,4
DA:658,12
DA:659,9
DA:663,1
DA:664,1
DA:665,1
DA:666,1
DA:669,1
DA:671,1
DA:672,1
DA:673,1
DA:674,1
DA:675,1
DA:676,1
DA:679,1
DA:681,1
DA:682,1
DA:683,1
DA:684,1
DA:685,1
DA:686,1
DA:689,1
DA:691,1
DA:692,1
DA:693,1
DA:694,1
DA:695,1
DA:696,4
DA:697,12
DA:698,9
DA:701,1
DA:702,1
DA:703,1
DA:706,1
DA:709,1
DA:710,1
DA:711,1
DA:712,1
DA:713,1
DA:714,1
DA:715,1
DA:716,1
DA:717,1
DA:718,1
DA:721,1
DA:724,1
DA:725,1
DA:726,1
DA:727,1
DA:728,1
DA:729,1
DA:730,1
DA:731,1
DA:732,1
DA:733,1
DA:736,1
DA:739,1
DA:740,1
DA:741,1
DA:742,1
DA:743,1
DA:744,1
DA:745,1
DA:746,1
DA:747,1
DA:748,1
DA:751,1
DA:754,1
DA:755,1
DA:756,1
DA:757,1
DA:758,1
DA:759,1
DA:760,1
DA:761,1
DA:762,1
DA:763,1
DA:766,1
DA:771,1
DA:772,1
DA:773,1
DA:774,1
DA:775,1
DA:776,1
DA:777,1
DA:778,5
DA:779,20
DA:780,16
DA:783,1
DA:784,1
DA:785,1
DA:786,1
DA:787,1
DA:790,1
DA:795,1
DA:796,1
DA:797,1
DA:798,1
DA:799,1
DA:800,1
DA:801,1
DA:802,1
DA:803,1
DA:806,1
DA:811,1
DA:812,1
DA:813,1
DA:814,1
DA:815,1
DA:816,1
DA:817,1
DA:818,1
DA:819,1
DA:820,1
DA:821,1
DA:822,1
DA:823,1
DA:824,5
DA:825,20
DA:826,16
DA:829,1
DA:830,1
DA:831,1
DA:832,1
DA:833,1
DA:834,1
DA:837,1
DA:842,1
DA:843,1
DA:844,1
DA:845,1
DA:846,1
DA:847,1
DA:848,1
DA:849,5
DA:850,20
DA:851,16
DA:854,1
DA:855,1
DA:856,1
DA:857,1
DA:858,1
DA:859,1
DA:862,1
DA:867,1
DA:868,1
DA:869,1
DA:870,1
DA:871,1
DA:872,1
DA:873,1
DA:874,1
DA:875,1
DA:878,1
DA:883,1
DA:884,1
DA:885,1
DA:886,1
DA:887,1
DA:888,1
DA:889,1
DA:890,1
DA:891,1
DA:892,1
DA:893,1
DA:894,1
DA:895,1
DA:896,5
DA:897,20
DA:898,16
DA:901,1
DA:902,1
DA:903,1
DA:904,1
DA:905,1
DA:906,1
DA:909,1
DA:913,1
DA:914,1
DA:915,1
DA:916,1
DA:917,1
DA:918,5
DA:919,20
DA:920,16
DA:923,1
DA:924,1
DA:925,1
DA:926,1
DA:927,1
DA:930,1
DA:933,1
DA:934,1
DA:935,1
DA:936,1
DA:937,1
DA:938,1
DA:939,1
DA:942,1
DA:947,1
DA:948,1
DA:949,1
DA:950,1
DA:951,1
DA:952,1
DA:953,1
DA:954,5
DA:955,20
DA:956,16
DA:959,1
DA:960,1
DA:961,1
DA:962,1
DA:963,1
DA:964,1
DA:967,1
DA:972,1
DA:973,1
DA:974,1
DA:975,1
DA:976,1
DA:977,1
DA:978,1
DA:979,1
DA:980,1
DA:981,1
DA:982,1
DA:983,1
DA:986,1
DA:991,1
DA:992,1
DA:993,1
DA:994,1
DA:996,1
DA:997,1
DA:998,1
DA:1000,1
DA:1001,1
DA:1002,1
DA:1003,1
DA:1004,1
DA:1005,1
DA:1006,1
DA:1008,1
DA:1009,1
DA:1010,1
DA:1012,1
DA:1013,1
DA:1014,1
DA:1015,1
DA:1017,4
DA:1018,12
DA:1019,9
DA:1022,1
DA:1023,1
DA:1024,1
DA:1025,1
DA:1026,1
DA:1028,1
DA:1031,1
DA:1032,1
DA:1033,1
DA:1034,1
DA:1035,1
DA:1038,1
DA:1041,1
DA:1042,1
DA:1043,1
DA:1044,1
DA:1045,1
DA:1046,1
DA:1047,1
DA:1048,1
DA:1049,1
DA:1050,1
DA:1051,1
DA:1052,1
DA:1053,1
DA:1054,1
DA:1055,1
DA:1058,1
DA:1061,1
DA:1062,1
DA:1063,1
DA:1064,1
DA:1065,1
DA:1066,1
DA:1069,1
DA:1073,1
DA:1074,1
DA:1075,1
DA:1076,1
DA:1078,1
DA:1079,1
DA:1080,1
DA:1082,1
DA:1083,1
DA:1084,1
DA:1086,1
DA:1087,1
DA:1088,1
DA:1089,1
DA:1090,1
DA:1091,1
DA:1092,1
DA:1093,1
DA:1094,1
DA:1095,1
DA:1096,1
DA:1097,4
DA:1098,12
DA:1099,9
DA:1102,1
DA:1103,1
DA:1104,1
DA:1105,1
DA:1106,1
DA:1109,1
DA:1112,1
DA:1113,1
DA:1114,1
DA:1115,1
DA:1117,1
DA:1118,1
DA:1119,1
DA:1121,1
DA:1122,1
DA:1123,1
DA:1124,1
DA:1125,1
DA:1126,1
DA:1128,1
DA:1129,1
DA:1132,54
DA:1133,54
DA:1134,54
DA:1135,54
DA:1138,54
DA:1139,54
DA:1140,54
DA:1141,54
DA:1142,54
DA:1143,54
DA:1144,54
DA:1145,54
DA:1146,54
DA:1147,54
DA:1148,54
DA:1149,54
DA:1150,54
DA:1151,54
DA:1152,54
DA:1153,54
DA:1154,54
DA:1155,54
DA:1156,54
DA:1157,54
DA:1158,54
DA:1159,54
DA:1160,54
DA:1161,54
DA:1162,54
DA:1163,54
DA:1164,54
DA:1165,54
DA:1167,54
DA:1168,54
DA:1169,54
DA:1170,54
DA:1171,54
DA:1172,54
DA:1173,54
DA:1174,54
DA:1175,54
DA:1176,54
DA:1177,54
DA:1178,54
DA:1179,54
DA:1180,54
DA:1181,54
DA:1182,54
DA:1183,54
DA:1184,54
DA:1185,54
DA:1186,54
DA:1187,54
DA:1188,54
DA:1189,54
DA:1190,54
DA:1191,54
DA:1192,54
DA:1193,54
DA:1194,1
DA:1195,1
DA:1197,1
LF:871
LH:871
end_of_record
